Analysis & Synthesis report for Orga
Fri May 11 17:41:31 2018
Quartus II Version 9.0 Build 132 02/25/2009 SJ Web Edition


---------------------
; Table of Contents ;
---------------------
  1. Legal Notice
  2. Analysis & Synthesis Summary
  3. Analysis & Synthesis Settings
  4. Analysis & Synthesis Source Files Read
  5. Analysis & Synthesis Resource Usage Summary
  6. Analysis & Synthesis Resource Utilization by Entity
  7. Registers Removed During Synthesis
  8. General Register Statistics
  9. Multiplexer Restructuring Statistics (Restructuring Performed)
 10. Analysis & Synthesis Messages
 11. Analysis & Synthesis Suppressed Messages



----------------
; Legal Notice ;
----------------
Copyright (C) 1991-2009 Altera Corporation
Your use of Altera Corporation's design tools, logic functions 
and other software and tools, and its AMPP partner logic 
functions, and any output files from any of the foregoing 
(including device programming or simulation files), and any 
associated documentation or information are expressly subject 
to the terms and conditions of the Altera Program License 
Subscription Agreement, Altera MegaCore Function License 
Agreement, or other applicable license agreement, including, 
without limitation, that your use is for the sole purpose of 
programming logic devices manufactured by Altera and sold by 
Altera or its authorized distributors.  Please refer to the 
applicable agreement for further details.



+-------------------------------------------------------------------------+
; Analysis & Synthesis Summary                                            ;
+-------------------------------+-----------------------------------------+
; Analysis & Synthesis Status   ; Successful - Fri May 11 17:41:30 2018   ;
; Quartus II Version            ; 9.0 Build 132 02/25/2009 SJ Web Edition ;
; Revision Name                 ; Orga                                    ;
; Top-level Entity Name         ; Orga                                    ;
; Family                        ; Stratix II                              ;
; Logic utilization             ; N/A                                     ;
;     Combinational ALUTs       ; 2,801                                   ;
;     Dedicated logic registers ; 2,099                                   ;
; Total registers               ; 2099                                    ;
; Total pins                    ; 97                                      ;
; Total virtual pins            ; 0                                       ;
; Total block memory bits       ; 0                                       ;
; DSP block 9-bit elements      ; 0                                       ;
; Total PLLs                    ; 0                                       ;
; Total DLLs                    ; 0                                       ;
+-------------------------------+-----------------------------------------+


+----------------------------------------------------------------------------------------------------------+
; Analysis & Synthesis Settings                                                                            ;
+----------------------------------------------------------------+--------------------+--------------------+
; Option                                                         ; Setting            ; Default Value      ;
+----------------------------------------------------------------+--------------------+--------------------+
; Top-level entity name                                          ; Orga               ; Orga               ;
; Family name                                                    ; Stratix II         ; Stratix II         ;
; Use Generated Physical Constraints File                        ; Off                ;                    ;
; Use smart compilation                                          ; Off                ; Off                ;
; Restructure Multiplexers                                       ; Auto               ; Auto               ;
; Create Debugging Nodes for IP Cores                            ; Off                ; Off                ;
; Preserve fewer node names                                      ; On                 ; On                 ;
; Disable OpenCore Plus hardware evaluation                      ; Off                ; Off                ;
; Verilog Version                                                ; Verilog_2001       ; Verilog_2001       ;
; VHDL Version                                                   ; VHDL93             ; VHDL93             ;
; State Machine Processing                                       ; Auto               ; Auto               ;
; Safe State Machine                                             ; Off                ; Off                ;
; Extract Verilog State Machines                                 ; On                 ; On                 ;
; Extract VHDL State Machines                                    ; On                 ; On                 ;
; Ignore Verilog initial constructs                              ; Off                ; Off                ;
; Iteration limit for constant Verilog loops                     ; 5000               ; 5000               ;
; Iteration limit for non-constant Verilog loops                 ; 250                ; 250                ;
; Add Pass-Through Logic to Inferred RAMs                        ; On                 ; On                 ;
; Parallel Synthesis                                             ; Off                ; Off                ;
; DSP Block Balancing                                            ; Auto               ; Auto               ;
; NOT Gate Push-Back                                             ; On                 ; On                 ;
; Power-Up Don't Care                                            ; On                 ; On                 ;
; Remove Redundant Logic Cells                                   ; Off                ; Off                ;
; Remove Duplicate Registers                                     ; On                 ; On                 ;
; Ignore CARRY Buffers                                           ; Off                ; Off                ;
; Ignore CASCADE Buffers                                         ; Off                ; Off                ;
; Ignore GLOBAL Buffers                                          ; Off                ; Off                ;
; Ignore ROW GLOBAL Buffers                                      ; Off                ; Off                ;
; Ignore LCELL Buffers                                           ; Off                ; Off                ;
; Ignore SOFT Buffers                                            ; On                 ; On                 ;
; Limit AHDL Integers to 32 Bits                                 ; Off                ; Off                ;
; Optimization Technique                                         ; Balanced           ; Balanced           ;
; Carry Chain Length                                             ; 70                 ; 70                 ;
; Auto Carry Chains                                              ; On                 ; On                 ;
; Auto Open-Drain Pins                                           ; On                 ; On                 ;
; Perform WYSIWYG Primitive Resynthesis                          ; Off                ; Off                ;
; Auto ROM Replacement                                           ; On                 ; On                 ;
; Auto RAM Replacement                                           ; On                 ; On                 ;
; Auto DSP Block Replacement                                     ; On                 ; On                 ;
; Auto Shift Register Replacement                                ; Auto               ; Auto               ;
; Auto Clock Enable Replacement                                  ; On                 ; On                 ;
; Strict RAM Replacement                                         ; Off                ; Off                ;
; Allow Synchronous Control Signals                              ; On                 ; On                 ;
; Force Use of Synchronous Clear Signals                         ; Off                ; Off                ;
; Auto RAM Block Balancing                                       ; On                 ; On                 ;
; Auto RAM to Logic Cell Conversion                              ; Off                ; Off                ;
; Auto Resource Sharing                                          ; Off                ; Off                ;
; Allow Any RAM Size For Recognition                             ; Off                ; Off                ;
; Allow Any ROM Size For Recognition                             ; Off                ; Off                ;
; Allow Any Shift Register Size For Recognition                  ; Off                ; Off                ;
; Use LogicLock Constraints during Resource Balancing            ; On                 ; On                 ;
; Ignore translate_off and synthesis_off directives              ; Off                ; Off                ;
; Timing-Driven Synthesis                                        ; Off                ; Off                ;
; Show Parameter Settings Tables in Synthesis Report             ; On                 ; On                 ;
; Ignore Maximum Fan-Out Assignments                             ; Off                ; Off                ;
; Synchronization Register Chain Length                          ; 2                  ; 2                  ;
; PowerPlay Power Optimization                                   ; Normal compilation ; Normal compilation ;
; HDL message level                                              ; Level2             ; Level2             ;
; Suppress Register Optimization Related Messages                ; Off                ; Off                ;
; Number of Removed Registers Reported in Synthesis Report       ; 100                ; 100                ;
; Number of Inverted Registers Reported in Synthesis Report      ; 100                ; 100                ;
; Clock MUX Protection                                           ; On                 ; On                 ;
; Auto Gated Clock Conversion                                    ; Off                ; Off                ;
; Block Design Naming                                            ; Auto               ; Auto               ;
; SDC constraint protection                                      ; Off                ; Off                ;
; Synthesis Effort                                               ; Auto               ; Auto               ;
; Allows Asynchronous Clear Usage For Shift Register Replacement ; On                 ; On                 ;
; Analysis & Synthesis Message Level                             ; Medium             ; Medium             ;
+----------------------------------------------------------------+--------------------+--------------------+


+----------------------------------------------------------------------------------------------------------------------------+
; Analysis & Synthesis Source Files Read                                                                                     ;
+----------------------------------+-----------------+------------------------+----------------------------------------------+
; File Name with User-Entered Path ; Used in Netlist ; File Type              ; File Name with Absolute Path                 ;
+----------------------------------+-----------------+------------------------+----------------------------------------------+
; Orga.v                           ; yes             ; User Verilog HDL File  ; C:/Users/mahmo/Desktop/New folder (2)/Orga.v ;
+----------------------------------+-----------------+------------------------+----------------------------------------------+


+-------------------------------------------------------+
; Analysis & Synthesis Resource Usage Summary           ;
+-----------------------------------------------+-------+
; Resource                                      ; Usage ;
+-----------------------------------------------+-------+
; Estimated ALUTs Used                          ; 2801  ;
; Dedicated logic registers                     ; 2099  ;
;                                               ;       ;
; Estimated ALUTs Unavailable                   ; 1103  ;
;                                               ;       ;
; Total combinational functions                 ; 2801  ;
; Combinational ALUT usage by number of inputs  ;       ;
;     -- 7 input functions                      ; 31    ;
;     -- 6 input functions                      ; 2052  ;
;     -- 5 input functions                      ; 152   ;
;     -- 4 input functions                      ; 88    ;
;     -- <=3 input functions                    ; 478   ;
;                                               ;       ;
; Combinational ALUTs by mode                   ;       ;
;     -- normal mode                            ; 2626  ;
;     -- extended LUT mode                      ; 31    ;
;     -- arithmetic mode                        ; 96    ;
;     -- shared arithmetic mode                 ; 48    ;
;                                               ;       ;
; Estimated ALUT/register pairs used            ; 4540  ;
;                                               ;       ;
; Total registers                               ; 2099  ;
;     -- Dedicated logic registers              ; 2099  ;
;     -- I/O registers                          ; 0     ;
;                                               ;       ;
; Estimated ALMs:  partially or completely used ; 2,270 ;
;                                               ;       ;
; I/O pins                                      ; 97    ;
; Maximum fan-out node                          ; clk   ;
; Maximum fan-out                               ; 2099  ;
; Total fan-out                                 ; 21289 ;
; Average fan-out                               ; 4.26  ;
+-----------------------------------------------+-------+


+-----------------------------------------------------------------------------------------------------------------------------------------------------------------------------------------------+
; Analysis & Synthesis Resource Utilization by Entity                                                                                                                                           ;
+----------------------------+-------------------+--------------+-------------------+--------------+---------+-----------+-----------+------+--------------+---------------------+--------------+
; Compilation Hierarchy Node ; LC Combinationals ; LC Registers ; Block Memory Bits ; DSP Elements ; DSP 9x9 ; DSP 18x18 ; DSP 36x36 ; Pins ; Virtual Pins ; Full Hierarchy Name ; Library Name ;
+----------------------------+-------------------+--------------+-------------------+--------------+---------+-----------+-----------+------+--------------+---------------------+--------------+
; |Orga                      ; 2801 (2801)       ; 2099 (2099)  ; 0                 ; 0            ; 0       ; 0         ; 0         ; 97   ; 0            ; |Orga               ; work         ;
+----------------------------+-------------------+--------------+-------------------+--------------+---------+-----------+-----------+------+--------------+---------------------+--------------+
Note: For table entries with two numbers listed, the numbers in parentheses indicate the number of resources of the given type used by the specific entity alone. The numbers listed outside of parentheses indicate the total resources of the given type used by the specific entity and all of its sub-entities in the hierarchy.


+---------------------------------------------------------------------------------+
; Registers Removed During Synthesis                                              ;
+----------------------------------------+----------------------------------------+
; Register name                          ; Reason for Removal                     ;
+----------------------------------------+----------------------------------------+
; op2[16..31]                            ; Lost fanout                            ;
; op1[16..31]                            ; Lost fanout                            ;
; flags[2]                               ; Merged with flags[3]                   ;
; flags[0]                               ; Merged with flags[1]                   ;
; i[2]                                   ; Stuck at GND due to stuck port data_in ;
; Total Number of Removed Registers = 35 ;                                        ;
+----------------------------------------+----------------------------------------+


+------------------------------------------------------+
; General Register Statistics                          ;
+----------------------------------------------+-------+
; Statistic                                    ; Value ;
+----------------------------------------------+-------+
; Total registers                              ; 2099  ;
; Number of registers using Synchronous Clear  ; 24    ;
; Number of registers using Synchronous Load   ; 24    ;
; Number of registers using Asynchronous Clear ; 0     ;
; Number of registers using Asynchronous Load  ; 0     ;
; Number of registers using Clock Enable       ; 2017  ;
; Number of registers using Preset             ; 0     ;
+----------------------------------------------+-------+


+------------------------------------------------------------------------------------------------------------------------------------------+
; Multiplexer Restructuring Statistics (Restructuring Performed)                                                                           ;
+--------------------+-----------+---------------+----------------------+------------------------+------------+----------------------------+
; Multiplexer Inputs ; Bus Width ; Baseline Area ; Area if Restructured ; Saving if Restructured ; Registered ; Example Multiplexer Output ;
+--------------------+-----------+---------------+----------------------+------------------------+------------+----------------------------+
; 3:1                ; 6 bits    ; 12 ALUTs      ; 0 ALUTs              ; 12 ALUTs               ; Yes        ; |Orga|secAddress[4]        ;
; 4:1                ; 16 bits   ; 32 ALUTs      ; 0 ALUTs              ; 32 ALUTs               ; Yes        ; |Orga|pointer[10]          ;
; 3:1                ; 16 bits   ; 32 ALUTs      ; 16 ALUTs             ; 16 ALUTs               ; Yes        ; |Orga|mem[9][0]            ;
; 3:1                ; 16 bits   ; 32 ALUTs      ; 16 ALUTs             ; 16 ALUTs               ; Yes        ; |Orga|mem[8][11]           ;
; 3:1                ; 16 bits   ; 32 ALUTs      ; 16 ALUTs             ; 16 ALUTs               ; Yes        ; |Orga|mem[7][15]           ;
; 3:1                ; 16 bits   ; 32 ALUTs      ; 16 ALUTs             ; 16 ALUTs               ; Yes        ; |Orga|mem[6][0]            ;
; 3:1                ; 16 bits   ; 32 ALUTs      ; 16 ALUTs             ; 16 ALUTs               ; Yes        ; |Orga|mem[5][2]            ;
; 3:1                ; 16 bits   ; 32 ALUTs      ; 16 ALUTs             ; 16 ALUTs               ; Yes        ; |Orga|mem[4][15]           ;
; 3:1                ; 16 bits   ; 32 ALUTs      ; 16 ALUTs             ; 16 ALUTs               ; Yes        ; |Orga|mem[3][2]            ;
; 3:1                ; 16 bits   ; 32 ALUTs      ; 16 ALUTs             ; 16 ALUTs               ; Yes        ; |Orga|mem[2][2]            ;
; 3:1                ; 16 bits   ; 32 ALUTs      ; 16 ALUTs             ; 16 ALUTs               ; Yes        ; |Orga|mem[1][7]            ;
; 3:1                ; 16 bits   ; 32 ALUTs      ; 16 ALUTs             ; 16 ALUTs               ; Yes        ; |Orga|mem[0][8]            ;
; 5:1                ; 7 bits    ; 21 ALUTs      ; 0 ALUTs              ; 21 ALUTs               ; Yes        ; |Orga|firAddress[4]        ;
; 17:1               ; 16 bits   ; 176 ALUTs     ; 0 ALUTs              ; 176 ALUTs              ; Yes        ; |Orga|ODR[9]               ;
; 64:1               ; 16 bits   ; 672 ALUTs     ; 672 ALUTs            ; 0 ALUTs                ; Yes        ; |Orga|instruction[1]~reg0  ;
; 7:1                ; 2 bits    ; 8 ALUTs       ; 0 ALUTs              ; 8 ALUTs                ; Yes        ; |Orga|i[0]                 ;
; 11:1               ; 8 bits    ; 56 ALUTs      ; 32 ALUTs             ; 24 ALUTs               ; Yes        ; |Orga|op2[15]              ;
; 11:1               ; 8 bits    ; 56 ALUTs      ; 32 ALUTs             ; 24 ALUTs               ; Yes        ; |Orga|op2[1]               ;
; 68:1               ; 8 bits    ; 360 ALUTs     ; 352 ALUTs            ; 8 ALUTs                ; Yes        ; |Orga|IDR[11]              ;
; 68:1               ; 8 bits    ; 360 ALUTs     ; 352 ALUTs            ; 8 ALUTs                ; Yes        ; |Orga|IDR[5]               ;
; 70:1               ; 6 bits    ; 276 ALUTs     ; 264 ALUTs            ; 12 ALUTs               ; Yes        ; |Orga|op1[5]               ;
; 13:1               ; 8 bits    ; 64 ALUTs      ; 0 ALUTs              ; 64 ALUTs               ; Yes        ; |Orga|pc[15]~reg0          ;
; 13:1               ; 8 bits    ; 64 ALUTs      ; 0 ALUTs              ; 64 ALUTs               ; Yes        ; |Orga|pc[5]~reg0           ;
; 133:1              ; 10 bits   ; 880 ALUTs     ; 440 ALUTs            ; 440 ALUTs              ; Yes        ; |Orga|op1[11]              ;
; 33:1               ; 16 bits   ; 352 ALUTs     ; 96 ALUTs             ; 256 ALUTs              ; Yes        ; |Orga|R[2][15]             ;
; 33:1               ; 16 bits   ; 352 ALUTs     ; 96 ALUTs             ; 256 ALUTs              ; Yes        ; |Orga|R[1][1]              ;
; 33:1               ; 16 bits   ; 352 ALUTs     ; 96 ALUTs             ; 256 ALUTs              ; Yes        ; |Orga|R[0][7]              ;
; 34:1               ; 16 bits   ; 352 ALUTs     ; 112 ALUTs            ; 240 ALUTs              ; Yes        ; |Orga|R[3][14]             ;
; 4:1                ; 16 bits   ; 32 ALUTs      ; 32 ALUTs             ; 0 ALUTs                ; No         ; |Orga|Mux40                ;
; 3:1                ; 8 bits    ; 16 ALUTs      ; 16 ALUTs             ; 0 ALUTs                ; No         ; |Orga|ShiftLeft0           ;
; 3:1                ; 2 bits    ; 4 ALUTs       ; 4 ALUTs              ; 0 ALUTs                ; No         ; |Orga|ShiftLeft0           ;
; 3:1                ; 8 bits    ; 16 ALUTs      ; 16 ALUTs             ; 0 ALUTs                ; No         ; |Orga|ShiftLeft0           ;
; 4:1                ; 16 bits   ; 32 ALUTs      ; 32 ALUTs             ; 0 ALUTs                ; No         ; |Orga|Mux143               ;
; 4:1                ; 16 bits   ; 32 ALUTs      ; 32 ALUTs             ; 0 ALUTs                ; No         ; |Orga|Mux95                ;
; 3:1                ; 8 bits    ; 16 ALUTs      ; 16 ALUTs             ; 0 ALUTs                ; No         ; |Orga|ShiftRight0          ;
; 4:1                ; 8 bits    ; 16 ALUTs      ; 16 ALUTs             ; 0 ALUTs                ; No         ; |Orga|ShiftRight0          ;
; 5:1                ; 6 bits    ; 18 ALUTs      ; 18 ALUTs             ; 0 ALUTs                ; No         ; |Orga|ShiftLeft0           ;
; 6:1                ; 2 bits    ; 8 ALUTs       ; 8 ALUTs              ; 0 ALUTs                ; No         ; |Orga|ShiftRight0          ;
; 64:1               ; 16 bits   ; 672 ALUTs     ; 672 ALUTs            ; 0 ALUTs                ; No         ; |Orga|Mux54                ;
; 64:1               ; 6 bits    ; 252 ALUTs     ; 252 ALUTs            ; 0 ALUTs                ; No         ; |Orga|Mux103               ;
+--------------------+-----------+---------------+----------------------+------------------------+------------+----------------------------+


+-------------------------------+
; Analysis & Synthesis Messages ;
+-------------------------------+
Info: *******************************************************************
Info: Running Quartus II Analysis & Synthesis
    Info: Version 9.0 Build 132 02/25/2009 SJ Web Edition
    Info: Processing started: Fri May 11 17:41:04 2018
Info: Command: quartus_map --read_settings_files=on --write_settings_files=off Orga -c Orga
Info: Found 1 design units, including 1 entities, in source file Orga.v
    Info: Found entity 1: Orga
Info: Found 1 design units, including 1 entities, in source file SimpleComputerBlock.bdf
    Info: Found entity 1: SimpleComputerBlock
Info: Elaborating entity "Orga" for the top level hierarchy
Warning (10855): Verilog HDL warning at Orga.v(22): initial value for variable mem should be constant
Warning (10230): Verilog HDL assignment warning at Orga.v(94): truncated value with size 32 to match size of target (16)
Warning (10230): Verilog HDL assignment warning at Orga.v(103): truncated value with size 32 to match size of target (16)
Warning (10230): Verilog HDL assignment warning at Orga.v(114): truncated value with size 32 to match size of target (16)
Warning (10230): Verilog HDL assignment warning at Orga.v(125): truncated value with size 32 to match size of target (16)
Warning (10230): Verilog HDL assignment warning at Orga.v(138): truncated value with size 32 to match size of target (16)
Warning (10230): Verilog HDL assignment warning at Orga.v(151): truncated value with size 32 to match size of target (16)
Warning (10230): Verilog HDL assignment warning at Orga.v(162): truncated value with size 32 to match size of target (16)
Warning (10230): Verilog HDL assignment warning at Orga.v(173): truncated value with size 32 to match size of target (16)
Warning (10230): Verilog HDL assignment warning at Orga.v(174): truncated value with size 32 to match size of target (16)
Warning (10230): Verilog HDL assignment warning at Orga.v(183): truncated value with size 32 to match size of target (16)
Warning (10230): Verilog HDL assignment warning at Orga.v(199): truncated value with size 32 to match size of target (16)
Warning (10230): Verilog HDL assignment warning at Orga.v(208): truncated value with size 32 to match size of target (16)
Warning (10230): Verilog HDL assignment warning at Orga.v(209): truncated value with size 32 to match size of target (16)
Warning (10230): Verilog HDL assignment warning at Orga.v(219): truncated value with size 32 to match size of target (16)
Warning (10230): Verilog HDL assignment warning at Orga.v(220): truncated value with size 32 to match size of target (16)
Warning (10230): Verilog HDL assignment warning at Orga.v(231): truncated value with size 32 to match size of target (16)
Warning (10230): Verilog HDL assignment warning at Orga.v(262): truncated value with size 32 to match size of target (16)
Warning (10230): Verilog HDL assignment warning at Orga.v(301): truncated value with size 32 to match size of target (16)
Warning (10230): Verilog HDL assignment warning at Orga.v(309): truncated value with size 32 to match size of target (16)
Info: Found 1 instances of uninferred RAM logic
    Info: RAM logic "stack" is uninferred due to asynchronous read logic
Info: 32 registers lost all their fanouts during netlist optimizations. The first 32 are displayed below.
    Info: Register "op2[16]" lost all its fanouts during netlist optimizations.
    Info: Register "op2[17]" lost all its fanouts during netlist optimizations.
    Info: Register "op2[18]" lost all its fanouts during netlist optimizations.
    Info: Register "op2[19]" lost all its fanouts during netlist optimizations.
    Info: Register "op2[20]" lost all its fanouts during netlist optimizations.
    Info: Register "op2[21]" lost all its fanouts during netlist optimizations.
    Info: Register "op2[22]" lost all its fanouts during netlist optimizations.
    Info: Register "op2[23]" lost all its fanouts during netlist optimizations.
    Info: Register "op2[24]" lost all its fanouts during netlist optimizations.
    Info: Register "op2[25]" lost all its fanouts during netlist optimizations.
    Info: Register "op2[26]" lost all its fanouts during netlist optimizations.
    Info: Register "op2[27]" lost all its fanouts during netlist optimizations.
    Info: Register "op2[28]" lost all its fanouts during netlist optimizations.
    Info: Register "op2[29]" lost all its fanouts during netlist optimizations.
    Info: Register "op2[30]" lost all its fanouts during netlist optimizations.
    Info: Register "op2[31]" lost all its fanouts during netlist optimizations.
    Info: Register "op1[16]" lost all its fanouts during netlist optimizations.
    Info: Register "op1[17]" lost all its fanouts during netlist optimizations.
    Info: Register "op1[18]" lost all its fanouts during netlist optimizations.
    Info: Register "op1[19]" lost all its fanouts during netlist optimizations.
    Info: Register "op1[20]" lost all its fanouts during netlist optimizations.
    Info: Register "op1[21]" lost all its fanouts during netlist optimizations.
    Info: Register "op1[22]" lost all its fanouts during netlist optimizations.
    Info: Register "op1[23]" lost all its fanouts during netlist optimizations.
    Info: Register "op1[24]" lost all its fanouts during netlist optimizations.
    Info: Register "op1[25]" lost all its fanouts during netlist optimizations.
    Info: Register "op1[26]" lost all its fanouts during netlist optimizations.
    Info: Register "op1[27]" lost all its fanouts during netlist optimizations.
    Info: Register "op1[28]" lost all its fanouts during netlist optimizations.
    Info: Register "op1[29]" lost all its fanouts during netlist optimizations.
    Info: Register "op1[30]" lost all its fanouts during netlist optimizations.
    Info: Register "op1[31]" lost all its fanouts during netlist optimizations.
Info: Generated suppressed messages file C:/Users/mahmo/Desktop/New folder (2)/Orga.map.smsg
Info: Implemented 4675 device resources after synthesis - the final resource count might be different
    Info: Implemented 1 input pins
    Info: Implemented 96 output pins
    Info: Implemented 4578 logic cells
Info: Quartus II Analysis & Synthesis was successful. 0 errors, 20 warnings
    Info: Peak virtual memory: 293 megabytes
    Info: Processing ended: Fri May 11 17:41:31 2018
    Info: Elapsed time: 00:00:27
    Info: Total CPU time (on all processors): 00:00:22


+------------------------------------------+
; Analysis & Synthesis Suppressed Messages ;
+------------------------------------------+
The suppressed messages can be found in C:/Users/mahmo/Desktop/New folder (2)/Orga.map.smsg.


